2025-10-21 19:16:53,483 [INFO] Activator:176 - 


2025-10-21 19:16:53,483 [INFO] Activator:177 - !SESSION log4j initialized
2025-10-21 19:16:55,801 [INFO] LogOutputStream:77 - [STDOUT_REDIRECT] 
2025-10-21 19:16:57,343 [INFO] ApplicationProperties:184 - Using Application install path: C:\ST\STM32CubeIDE_1.19.0\STM32CubeIDE\plugins\com.st.stm32cube.common.mx_6.15.0.202507011659
2025-10-21 19:16:57,358 [INFO] DbMcusXml:78 - Set database path to: C:\ST\STM32CubeIDE_1.19.0\STM32CubeIDE\plugins\com.st.stm32cube.common.mx_6.15.0.202507011659\\db\/mcu/
2025-10-21 19:16:57,359 [INFO] ApiDb:274 - Set plugin database path to: C:\ST\STM32CubeIDE_1.19.0\STM32CubeIDE\plugins\com.st.stm32cube.common.mx_6.15.0.202507011659\\db\/plugins/boardmanager/
2025-10-21 19:16:57,360 [WARN] ApiDb:259 - Overriding images path with different value:  => C:\ST\STM32CubeIDE_1.19.0\STM32CubeIDE\plugins\com.st.stm32cube.common.mx_6.15.0.202507011659\\db\/plugins/mcufinder/images/
2025-10-21 19:16:57,366 [INFO] ApiDb:250 - Set database path to: C:\Users\asus\.stmcufinder\plugins\mcufinder//mcu/
2025-10-21 19:16:57,368 [INFO] DbMcusAds:125 - Set database path to: C:\Users\asus\.stmcufinder\plugins\mcufinder//mcu/
2025-10-21 19:16:57,370 [INFO] CrossReferenceDbSqlite:203 - Set database path to: C:\Users\asus\.stmcufinder\plugins\mcufinder//mcu/cs/
2025-10-21 19:16:57,473 [INFO] RulesReader:64 - Compatibility file has been processed (317 Rules)
2025-10-21 19:16:57,542 [INFO] DbMcusXml:78 - Set database path to: C:\ST\STM32CubeIDE_1.19.0\STM32CubeIDE\plugins\com.st.stm32cube.common.mx_6.15.0.202507011659\\db\/mcu/
2025-10-21 19:16:57,542 [INFO] ApiDb:274 - Set plugin database path to: C:\ST\STM32CubeIDE_1.19.0\STM32CubeIDE\plugins\com.st.stm32cube.common.mx_6.15.0.202507011659\\db\/plugins/boardmanager/
2025-10-21 19:16:57,542 [INFO] ApiDb:261 - Set plugin images path to: C:\ST\STM32CubeIDE_1.19.0\STM32CubeIDE\plugins\com.st.stm32cube.common.mx_6.15.0.202507011659\\db\/plugins/mcufinder/images/
2025-10-21 19:16:57,542 [WARN] DbFile:41 - Overriding database path with different value: C:\Users\asus\.stmcufinder\plugins\mcufinder/ => C:\Users\asus\.stmcufinder\plugins\mcufinder
2025-10-21 19:16:57,543 [INFO] ApiDb:250 - Set database path to: C:\Users\asus\.stmcufinder\plugins\mcufinder//mcu/
2025-10-21 19:16:57,543 [WARN] DbFile:41 - Overriding database path with different value: C:\Users\asus\.stmcufinder\plugins\mcufinder/ => C:\Users\asus\.stmcufinder\plugins\mcufinder
2025-10-21 19:16:57,543 [INFO] DbMcusAds:125 - Set database path to: C:\Users\asus\.stmcufinder\plugins\mcufinder//mcu/
2025-10-21 19:16:57,543 [WARN] DbFile:41 - Overriding database path with different value: C:\Users\asus\.stmcufinder\plugins\mcufinder/ => C:\Users\asus\.stmcufinder\plugins\mcufinder
2025-10-21 19:16:57,543 [WARN] DbFile:41 - Overriding database path with different value: C:\Users\asus\.stmcufinder\plugins\mcufinder/ => C:\Users\asus\.stmcufinder\plugins\mcufinder
2025-10-21 19:16:57,543 [INFO] CrossReferenceDbSqlite:203 - Set database path to: C:\Users\asus\.stmcufinder\plugins\mcufinder//mcu/cs/
2025-10-21 19:16:57,625 [INFO] MainPanel:274 - HeapMemory: 268435456
2025-10-21 19:16:57,733 [INFO] DbMcusXml:78 - Set database path to: C:\ST\STM32CubeIDE_1.19.0\STM32CubeIDE\plugins\com.st.stm32cube.common.mx_6.15.0.202507011659\\db\/mcu/
2025-10-21 19:16:57,733 [INFO] ApiDb:274 - Set plugin database path to: C:\ST\STM32CubeIDE_1.19.0\STM32CubeIDE\plugins\com.st.stm32cube.common.mx_6.15.0.202507011659\\db\/plugins/boardmanager/
2025-10-21 19:16:57,734 [INFO] ApiDb:261 - Set plugin images path to: C:\ST\STM32CubeIDE_1.19.0\STM32CubeIDE\plugins\com.st.stm32cube.common.mx_6.15.0.202507011659\\db\/plugins/mcufinder/images/
2025-10-21 19:16:57,734 [WARN] DbFile:41 - Overriding database path with different value: C:\Users\asus\.stmcufinder\plugins\mcufinder/ => C:\Users\asus\.stmcufinder\plugins\mcufinder
2025-10-21 19:16:57,734 [INFO] ApiDb:250 - Set database path to: C:\Users\asus\.stmcufinder\plugins\mcufinder//mcu/
2025-10-21 19:16:57,734 [WARN] DbFile:41 - Overriding database path with different value: C:\Users\asus\.stmcufinder\plugins\mcufinder/ => C:\Users\asus\.stmcufinder\plugins\mcufinder
2025-10-21 19:16:57,734 [INFO] DbMcusAds:125 - Set database path to: C:\Users\asus\.stmcufinder\plugins\mcufinder//mcu/
2025-10-21 19:16:57,734 [WARN] DbFile:41 - Overriding database path with different value: C:\Users\asus\.stmcufinder\plugins\mcufinder/ => C:\Users\asus\.stmcufinder\plugins\mcufinder
2025-10-21 19:16:57,734 [WARN] DbFile:41 - Overriding database path with different value: C:\Users\asus\.stmcufinder\plugins\mcufinder/ => C:\Users\asus\.stmcufinder\plugins\mcufinder
2025-10-21 19:16:57,734 [INFO] CrossReferenceDbSqlite:203 - Set database path to: C:\Users\asus\.stmcufinder\plugins\mcufinder//mcu/cs/
2025-10-21 19:16:57,750 [INFO] ApplicationProperties:184 - Using Application install path: C:\ST\STM32CubeIDE_1.19.0\STM32CubeIDE\plugins\com.st.stm32cube.common.mx_6.15.0.202507011659
2025-10-21 19:16:57,751 [INFO] PluginManage:196 - Search for loadable plugins [exclusion list=, ]
2025-10-21 19:16:57,752 [INFO] PluginManage:310 - Check plugin analytics
2025-10-21 19:16:57,916 [INFO] AnalyticsPlugin:253 - Accepted Software Licenses: 
2025-10-21 19:16:57,916 [INFO] AnalyticsPlugin:255 - Accepted CMSIS Pack Licenses: 
2025-10-21 19:16:57,916 [INFO] AnalyticsPlugin:257 - Accepted Firmware Licenses: 
2025-10-21 19:16:57,919 [INFO] PluginManage:359 - Loaded plugin analytics (category:tool,tabindex:-1)
2025-10-21 19:16:57,919 [INFO] PluginManage:310 - Check plugin cadmodel
2025-10-21 19:16:57,927 [INFO] CADModel:105 - Init CAD model plugin
2025-10-21 19:16:57,927 [INFO] PluginManage:359 - Loaded plugin cadmodel (category:power,tabindex:5)
2025-10-21 19:16:57,927 [INFO] PluginManage:310 - Check plugin clock
2025-10-21 19:16:57,936 [INFO] PluginManage:359 - Loaded plugin clock (category:base,tabindex:2)
2025-10-21 19:16:57,936 [INFO] PluginManage:310 - Check plugin ddr
2025-10-21 19:16:57,939 [INFO] PluginManage:359 - Loaded plugin ddr (category:tool,tabindex:6)
2025-10-21 19:16:57,939 [INFO] PluginManage:310 - Check plugin filemanager
2025-10-21 19:16:58,113 [INFO] PluginManage:359 - Loaded plugin filemanager (category:base,tabindex:10)
2025-10-21 19:16:58,113 [INFO] PluginManage:310 - Check plugin ipmanager
2025-10-21 19:16:58,121 [INFO] PluginManage:359 - Loaded plugin ipmanager (category:base,tabindex:5)
2025-10-21 19:16:58,122 [INFO] PluginManage:310 - Check plugin lpbam
2025-10-21 19:16:58,129 [INFO] PluginManage:359 - Loaded plugin lpbam (category:base,tabindex:0)
2025-10-21 19:16:58,130 [INFO] PluginManage:310 - Check plugin memorymap
2025-10-21 19:16:58,143 [INFO] PluginManage:359 - Loaded plugin memorymap (category:base,tabindex:4)
2025-10-21 19:16:58,143 [INFO] PluginManage:310 - Check plugin pinoutandconfiguration
2025-10-21 19:16:58,148 [INFO] PluginManage:359 - Loaded plugin pinoutandconfiguration (category:base,tabindex:1)
2025-10-21 19:16:58,148 [INFO] PluginManage:310 - Check plugin pinoutconfig
2025-10-21 19:16:58,210 [WARN] SupportedApi:132 - Cannot load RTOS API schema: s4s-elt-must-match.1: The content of 'definitions' must match (annotation?, (simpleType | complexType)?, (unique | key | keyref)*)). A problem was found starting at: attribute.
2025-10-21 19:16:58,312 [INFO] PluginManage:359 - Loaded plugin pinoutconfig (category:base,tabindex:0)
2025-10-21 19:16:58,312 [INFO] PluginManage:310 - Check plugin power
2025-10-21 19:16:58,319 [INFO] PluginManage:359 - Loaded plugin power (category:power,tabindex:4)
2025-10-21 19:16:58,319 [INFO] PluginManage:310 - Check plugin projectmanager
2025-10-21 19:16:58,332 [INFO] PluginManage:359 - Loaded plugin projectmanager (category:projectmanager,tabindex:4)
2025-10-21 19:16:58,332 [INFO] PluginManage:310 - Check plugin rif
2025-10-21 19:16:58,339 [INFO] PluginManage:359 - Loaded plugin rif (category:base,tabindex:3)
2025-10-21 19:16:58,340 [INFO] PluginManage:310 - Check plugin thirdparty
2025-10-21 19:16:58,455 [INFO] PluginManage:359 - Loaded plugin thirdparty (category:base,tabindex:-1)
2025-10-21 19:16:58,455 [WARN] IntegrityCheckThread:84 - waiting for thirdparty lock release [integrity check]
2025-10-21 19:16:58,456 [INFO] IntegrityCheckThread:86 - entering critical section [integrity check]
2025-10-21 19:16:58,456 [INFO] PluginManage:310 - Check plugin tools
2025-10-21 19:16:58,456 [INFO] ThirdPartyUpdaterWithRetryManager:70 - Updater plugin not ready yet. [1/15]
2025-10-21 19:16:58,458 [INFO] PluginManage:359 - Loaded plugin tools (category:base,tabindex:7)
2025-10-21 19:16:58,458 [INFO] PluginManage:310 - Check plugin tutovideos
2025-10-21 19:16:58,617 [INFO] PluginManage:359 - Loaded plugin tutovideos (category:base,tabindex:-1)
2025-10-21 19:16:58,617 [INFO] PluginManage:310 - Check plugin updater
2025-10-21 19:16:58,636 [INFO] PluginManage:359 - Loaded plugin updater (category:base,tabindex:12)
2025-10-21 19:16:58,636 [INFO] PluginManage:310 - Check plugin userauth
2025-10-21 19:16:58,639 [INFO] UserAuth:118 - Init User Auth plugin
2025-10-21 19:16:58,640 [INFO] PluginManage:359 - Loaded plugin userauth (category:base,tabindex:14)
2025-10-21 19:16:58,640 [INFO] PluginManage:283 - PluginManage : Loaded plugins [18]
2025-10-21 19:16:58,807 [INFO] PinOutPanel:1589 - setPackage(No Configuration,No Configuration)
2025-10-21 19:16:58,873 [INFO] CADModel:165 - CPN selected for project level
2025-10-21 19:16:58,873 [INFO] CADModel:114 - Register for checkConnection events
2025-10-21 19:16:58,888 [INFO] IPUIPlugin:80 - create IPUIPlugin
2025-10-21 19:16:58,888 [INFO] PluginManager:220 - loadIPPluginJar : add adc
2025-10-21 19:16:58,890 [INFO] IPUIPlugin:80 - create IPUIPlugin
2025-10-21 19:16:58,890 [INFO] PluginManager:220 - loadIPPluginJar : add aes
2025-10-21 19:16:58,893 [INFO] IPUIPlugin:80 - create IPUIPlugin
2025-10-21 19:16:58,893 [INFO] PluginManager:220 - loadIPPluginJar : add can
2025-10-21 19:16:58,894 [INFO] IPUIPlugin:80 - create IPUIPlugin
2025-10-21 19:16:58,894 [INFO] PluginManager:220 - loadIPPluginJar : add comp
2025-10-21 19:16:58,896 [INFO] IPUIPlugin:80 - create IPUIPlugin
2025-10-21 19:16:58,896 [INFO] PluginManager:220 - loadIPPluginJar : add cryp
2025-10-21 19:16:58,898 [INFO] IPUIPlugin:80 - create IPUIPlugin
2025-10-21 19:16:58,898 [INFO] PluginManager:220 - loadIPPluginJar : add ddr_ctrl_phy
2025-10-21 19:16:58,899 [INFO] IPUIPlugin:80 - create IPUIPlugin
2025-10-21 19:16:58,900 [INFO] PluginManager:220 - loadIPPluginJar : add dfsdm
2025-10-21 19:16:58,903 [INFO] IPUIPlugin:80 - create IPUIPlugin
2025-10-21 19:16:58,904 [INFO] PluginManager:220 - loadIPPluginJar : add dma
2025-10-21 19:16:58,905 [INFO] IPUIPlugin:80 - create IPUIPlugin
2025-10-21 19:16:58,906 [INFO] PluginManager:220 - loadIPPluginJar : add dma3
2025-10-21 19:16:58,908 [INFO] IPUIPlugin:80 - create IPUIPlugin
2025-10-21 19:16:58,908 [INFO] PluginManager:220 - loadIPPluginJar : add extmemmanager
2025-10-21 19:16:58,909 [INFO] IPUIPlugin:80 - create IPUIPlugin
2025-10-21 19:16:58,909 [INFO] PluginManager:220 - loadIPPluginJar : add fatfs
2025-10-21 19:16:58,913 [INFO] IPUIPlugin:80 - create IPUIPlugin
2025-10-21 19:16:58,913 [INFO] PluginManager:220 - loadIPPluginJar : add fmc
2025-10-21 19:16:58,916 [INFO] IPUIPlugin:80 - create IPUIPlugin
2025-10-21 19:16:58,916 [INFO] PluginManager:220 - loadIPPluginJar : add freertos
2025-10-21 19:16:58,917 [INFO] IPUIPlugin:80 - create IPUIPlugin
2025-10-21 19:16:58,917 [INFO] PluginManager:220 - loadIPPluginJar : add genericplugin
2025-10-21 19:16:58,919 [INFO] IPUIPlugin:80 - create IPUIPlugin
2025-10-21 19:16:58,919 [INFO] PluginManager:220 - loadIPPluginJar : add gfxmmu
2025-10-21 19:16:58,924 [INFO] IPUIPlugin:80 - create IPUIPlugin
2025-10-21 19:16:58,925 [INFO] PluginManager:220 - loadIPPluginJar : add gic
2025-10-21 19:16:58,928 [INFO] IPUIPlugin:80 - create IPUIPlugin
2025-10-21 19:16:58,928 [INFO] PluginManager:220 - loadIPPluginJar : add gpio
2025-10-21 19:16:58,930 [INFO] IPUIPlugin:80 - create IPUIPlugin
2025-10-21 19:16:58,930 [INFO] PluginManager:220 - loadIPPluginJar : add gtzc
2025-10-21 19:16:58,932 [INFO] IPUIPlugin:80 - create IPUIPlugin
2025-10-21 19:16:58,932 [INFO] PluginManager:220 - loadIPPluginJar : add hash
2025-10-21 19:16:58,934 [INFO] IPUIPlugin:80 - create IPUIPlugin
2025-10-21 19:16:58,934 [INFO] PluginManager:220 - loadIPPluginJar : add i2c
2025-10-21 19:16:58,936 [INFO] IPUIPlugin:80 - create IPUIPlugin
2025-10-21 19:16:58,936 [INFO] PluginManager:220 - loadIPPluginJar : add i2s
2025-10-21 19:16:58,938 [INFO] IPUIPlugin:80 - create IPUIPlugin
2025-10-21 19:16:58,938 [INFO] PluginManager:220 - loadIPPluginJar : add i3c
2025-10-21 19:16:58,942 [INFO] IPUIPlugin:80 - create IPUIPlugin
2025-10-21 19:16:58,942 [INFO] PluginManager:220 - loadIPPluginJar : add ipddr
2025-10-21 19:16:58,947 [INFO] IPUIPlugin:80 - create IPUIPlugin
2025-10-21 19:16:58,947 [INFO] PluginManager:220 - loadIPPluginJar : add linkedlist
2025-10-21 19:16:58,949 [INFO] IPUIPlugin:80 - create IPUIPlugin
2025-10-21 19:16:58,949 [INFO] PluginManager:220 - loadIPPluginJar : add lorawan
2025-10-21 19:16:58,950 [INFO] IPUIPlugin:80 - create IPUIPlugin
2025-10-21 19:16:58,950 [INFO] PluginManager:220 - loadIPPluginJar : add ltdc
2025-10-21 19:16:58,954 [INFO] IPUIPlugin:80 - create IPUIPlugin
2025-10-21 19:16:58,954 [INFO] PluginManager:220 - loadIPPluginJar : add mdma
2025-10-21 19:16:58,958 [INFO] IPUIPlugin:80 - create IPUIPlugin
2025-10-21 19:16:58,959 [INFO] PluginManager:220 - loadIPPluginJar : add nvic
2025-10-21 19:16:58,961 [INFO] IPUIPlugin:80 - create IPUIPlugin
2025-10-21 19:16:58,961 [INFO] PluginManager:220 - loadIPPluginJar : add opamp
2025-10-21 19:16:58,963 [INFO] IPUIPlugin:80 - create IPUIPlugin
2025-10-21 19:16:58,964 [INFO] PluginManager:220 - loadIPPluginJar : add openamp
2025-10-21 19:16:58,966 [INFO] IPUIPlugin:80 - create IPUIPlugin
2025-10-21 19:16:58,966 [INFO] PluginManager:220 - loadIPPluginJar : add pdm2pcm
2025-10-21 19:16:58,969 [INFO] IPUIPlugin:80 - create IPUIPlugin
2025-10-21 19:16:58,971 [INFO] PluginManager:220 - loadIPPluginJar : add plateformsettings
2025-10-21 19:16:58,972 [INFO] IPUIPlugin:80 - create IPUIPlugin
2025-10-21 19:16:58,972 [INFO] PluginManager:220 - loadIPPluginJar : add quadspi
2025-10-21 19:16:58,974 [INFO] IPUIPlugin:80 - create IPUIPlugin
2025-10-21 19:16:58,975 [INFO] PluginManager:220 - loadIPPluginJar : add radio
2025-10-21 19:16:58,976 [INFO] IPUIPlugin:80 - create IPUIPlugin
2025-10-21 19:16:58,976 [INFO] PluginManager:220 - loadIPPluginJar : add resmgrutility
2025-10-21 19:16:58,978 [INFO] IPUIPlugin:80 - create IPUIPlugin
2025-10-21 19:16:58,978 [INFO] PluginManager:220 - loadIPPluginJar : add sai
2025-10-21 19:16:58,980 [INFO] IPUIPlugin:80 - create IPUIPlugin
2025-10-21 19:16:58,980 [INFO] PluginManager:220 - loadIPPluginJar : add spi
2025-10-21 19:16:58,984 [INFO] IPUIPlugin:80 - create IPUIPlugin
2025-10-21 19:16:58,984 [INFO] PluginManager:220 - loadIPPluginJar : add stm32_wpan
2025-10-21 19:16:58,985 [INFO] IPUIPlugin:80 - create IPUIPlugin
2025-10-21 19:16:58,985 [INFO] PluginManager:220 - loadIPPluginJar : add tim
2025-10-21 19:16:58,987 [INFO] IPUIPlugin:80 - create IPUIPlugin
2025-10-21 19:16:58,987 [INFO] PluginManager:220 - loadIPPluginJar : add touchsensing
2025-10-21 19:16:58,989 [INFO] IPUIPlugin:80 - create IPUIPlugin
2025-10-21 19:16:58,989 [INFO] PluginManager:220 - loadIPPluginJar : add tracer_emb
2025-10-21 19:16:58,990 [INFO] IPUIPlugin:80 - create IPUIPlugin
2025-10-21 19:16:58,990 [INFO] PluginManager:220 - loadIPPluginJar : add ts
2025-10-21 19:16:58,991 [INFO] IPUIPlugin:80 - create IPUIPlugin
2025-10-21 19:16:58,991 [INFO] PluginManager:220 - loadIPPluginJar : add tsc
2025-10-21 19:16:58,992 [INFO] IPUIPlugin:80 - create IPUIPlugin
2025-10-21 19:16:58,992 [INFO] PluginManager:220 - loadIPPluginJar : add ucpd
2025-10-21 19:16:58,994 [INFO] IPUIPlugin:80 - create IPUIPlugin
2025-10-21 19:16:58,994 [INFO] PluginManager:220 - loadIPPluginJar : add usart
2025-10-21 19:16:58,996 [INFO] IPUIPlugin:80 - create IPUIPlugin
2025-10-21 19:16:58,996 [INFO] PluginManager:220 - loadIPPluginJar : add usbx
2025-10-21 19:16:59,108 [FATAL] Updater:351 - Updater called before beeing initialized
2025-10-21 19:16:59,130 [INFO] RulesReader:64 - Compatibility file has been processed (317 Rules)
2025-10-21 19:16:59,141 [INFO] RulesReader:64 - Compatibility file has been processed (317 Rules)
2025-10-21 19:16:59,147 [INFO] CADModel:165 - CPN selected for project level
2025-10-21 19:16:59,147 [INFO] CADModel:114 - Register for checkConnection events
2025-10-21 19:16:59,147 [FATAL] Updater:351 - Updater called before beeing initialized
2025-10-21 19:16:59,147 [ERROR] CADModel:125 - Updater not yet initialized, retry later 
2025-10-21 19:16:59,263 [FATAL] Updater:351 - Updater called before beeing initialized
2025-10-21 19:16:59,265 [INFO] CADModel:165 - CPN selected for project level
2025-10-21 19:16:59,265 [INFO] CADModel:114 - Register for checkConnection events
2025-10-21 19:16:59,266 [FATAL] Updater:351 - Updater called before beeing initialized
2025-10-21 19:16:59,266 [ERROR] CADModel:125 - Updater not yet initialized, retry later 
2025-10-21 19:16:59,270 [FATAL] Updater:351 - Updater called before beeing initialized
2025-10-21 19:16:59,342 [FATAL] Updater:351 - Updater called before beeing initialized
2025-10-21 19:16:59,345 [INFO] DbMcusAds:53 - JSON generation date=Thu Oct 02 05:36:05 EDT 2025 (1759397765645)
2025-10-21 19:16:59,345 [FATAL] Updater:351 - Updater called before beeing initialized
2025-10-21 19:16:59,374 [WARN] DetailPanel:346 - Failed to get advertising image, set to default
2025-10-21 19:16:59,436 [FATAL] Updater:351 - Updater called before beeing initialized
2025-10-21 19:16:59,438 [FATAL] Updater:351 - Updater called before beeing initialized
2025-10-21 19:16:59,438 [FATAL] Updater:351 - Updater called before beeing initialized
2025-10-21 19:16:59,438 [WARN] DetailPanel:346 - Failed to get advertising image, set to default
2025-10-21 19:16:59,439 [FATAL] Updater:351 - Updater called before beeing initialized
2025-10-21 19:16:59,474 [ERROR] Updater:1198 - MainUpdater not yet initialized. External WinMGr cannot be set.
2025-10-21 19:16:59,475 [INFO] Updater:1134 - Updater Version found : 6.15.0
2025-10-21 19:16:59,487 [INFO] ApplicationProperties:184 - Using Application install path: C:\ST\STM32CubeIDE_1.19.0\STM32CubeIDE\plugins\com.st.stm32cube.common.mx_6.15.0.202507011659
2025-10-21 19:17:01,061 [ERROR] LogOutputStream:75 - [STDERR_REDIRECT] Oct 21, 2025 7:17:01 PM java.util.prefs.WindowsPreferences <init>
2025-10-21 19:17:01,063 [ERROR] LogOutputStream:75 - [STDERR_REDIRECT] WARNING: Could not open/create prefs root node Software\JavaSoft\Prefs at root 0xffffffff80000002. Windows RegCreateKeyEx(...) returned error code 5.
2025-10-21 19:17:01,063 [ERROR] LogOutputStream:75 - [STDERR_REDIRECT] 
2025-10-21 19:17:01,328 [INFO] MainUpdater:2872 - connection check result : 10
2025-10-21 19:17:01,330 [INFO] MainUpdater:289 - Updater Check For Update Now.
2025-10-21 19:17:01,330 [INFO] MicroXplorer:498 - Change Database Version : DB.6.0.150
2025-10-21 19:17:01,345 [INFO] McuFinderGlobals:63 - Set McuFinder mode to 2 (CubeIDE integrated)
2025-10-21 19:17:01,346 [INFO] UserAuth:171 - activating auth plugin
2025-10-21 19:17:01,348 [INFO] UserAuth:487 - Internet connection configuration mode: 1
2025-10-21 19:17:01,373 [INFO] JxBrowserEngine:152 - Initiate JxBrowser Engine with user profile folder
2025-10-21 19:17:01,458 [WARN] MainUpdater:1193 - Updater busy. Cannot search thirdparties
2025-10-21 19:17:01,458 [INFO] ThirdPartyUpdaterWithRetryManager:96 - Updater plugin is busy. [1/15]
2025-10-21 19:17:01,515 [INFO] CheckServerUpdateThread:120 - End of CheckServer Thread
2025-10-21 19:17:02,010 [INFO] WebApp:169 - Instantiating new browser for Auth
2025-10-21 19:17:02,696 [INFO] WebApp:463 - Apply proxy settings
2025-10-21 19:17:02,698 [INFO] WebApp:548 - Chromium requires no authentication
2025-10-21 19:17:02,710 [INFO] WebApp:491 - Direct internet connection detected
2025-10-21 19:17:02,730 [INFO] WebApp:900 - Register for checkConnection events
2025-10-21 19:17:02,731 [INFO] WebApp:463 - Apply proxy settings
2025-10-21 19:17:02,731 [INFO] WebApp:548 - Chromium requires no authentication
2025-10-21 19:17:02,731 [INFO] WebApp:491 - Direct internet connection detected
2025-10-21 19:17:02,920 [INFO] WebApp:191 - Connection restablished
2025-10-21 19:17:02,946 [INFO] WebApp:225 - Starting web application
2025-10-21 19:17:02,946 [INFO] WebApp:593 - Web application path used C:\ST\STM32CubeIDE_1.19.0\STM32CubeIDE\plugins\com.st.stm32cube.common.mx_6.15.0.202507011659\db\plugins\mcufinder\reactClient1\index.html
2025-10-21 19:17:04,648 [WARN] PackLoader:240 - Cannot read IP mode file for STMicroelectronics.FP-SNS-MOTENVWB1.1.4.0
2025-10-21 19:17:04,658 [WARN] PackLoader:240 - Cannot read IP mode file for STMicroelectronics.FP-ATR-ASTRA1.2.0.2
2025-10-21 19:17:04,667 [WARN] PackLoader:240 - Cannot read IP mode file for STMicroelectronics.X-CUBE-SMBUS.2.1.0
2025-10-21 19:17:04,673 [WARN] PackLoader:240 - Cannot read IP mode file for STMicroelectronics.X-CUBE-ST60.1.0.0
2025-10-21 19:17:04,708 [WARN] PackLoader:240 - Cannot read IP mode file for STMicroelectronics.X-CUBE-AZRTOS-F7.1.1.0
2025-10-21 19:17:04,718 [WARN] PackLoader:240 - Cannot read IP mode file for Cesanta.I-CUBE-Mongoose.7.19.0
2025-10-21 19:17:04,729 [WARN] PackLoader:240 - Cannot read IP mode file for WES.I-CUBE-Cesium.1.4.0
2025-10-21 19:17:04,753 [WARN] PackLoader:240 - Cannot read IP mode file for Infineon.AIROC-Wi-Fi-Bluetooth-STM32.1.7.1
2025-10-21 19:17:04,785 [WARN] PackLoader:240 - Cannot read IP mode file for STMicroelectronics.X-CUBE-AZRTOS-H7.3.4.0
2025-10-21 19:17:04,797 [WARN] PackLoader:240 - Cannot read IP mode file for STMicroelectronics.X-CUBE-DISPLAY.3.0.0
2025-10-21 19:17:04,810 [WARN] PackLoader:240 - Cannot read IP mode file for STMicroelectronics.X-CUBE-NFC10.1.0.0
2025-10-21 19:17:04,817 [WARN] PackLoader:240 - Cannot read IP mode file for STMicroelectronics.X-CUBE-ST60.1.1.0
2025-10-21 19:17:04,825 [WARN] PackLoader:240 - Cannot read IP mode file for emotas.I-CUBE-CANOPEN.1.3.0
2025-10-21 19:17:04,833 [WARN] PackLoader:240 - Cannot read IP mode file for STMicroelectronics.FP-SNS-STBOX1.2.1.0
2025-10-21 19:17:04,851 [WARN] PackLoader:240 - Cannot read IP mode file for STMicroelectronics.FP-SNS-SMARTAG2.1.2.0
2025-10-21 19:17:04,856 [WARN] PackLoader:240 - Cannot read IP mode file for STMicroelectronics.FP-SNS-FLIGHT1.5.1.0
2025-10-21 19:17:04,866 [INFO] LogOutputStream:77 - [STDOUT_REDIRECT] 1 : Invalid condition id : UX_CORESTACK_Condition cause : null
2025-10-21 19:17:04,867 [INFO] LogOutputStream:77 - [STDOUT_REDIRECT] 1 : Invalid condition id : UX_CORESTACK_Condition cause : null
2025-10-21 19:17:04,868 [INFO] LogOutputStream:77 - [STDOUT_REDIRECT] 1 : Invalid condition id : UX_CORESTACK_Condition cause : null
2025-10-21 19:17:04,868 [INFO] LogOutputStream:77 - [STDOUT_REDIRECT] 1 : Invalid condition id : UX_CORESTACK_Condition cause : null
2025-10-21 19:17:04,869 [INFO] LogOutputStream:77 - [STDOUT_REDIRECT] 1 : Invalid condition id : UX_CORESTACK_Condition cause : null
2025-10-21 19:17:04,872 [WARN] PackLoader:240 - Cannot read IP mode file for STMicroelectronics.X-CUBE-AZRTOS-WL.2.0.0
2025-10-21 19:17:04,879 [WARN] PackLoader:240 - Cannot read IP mode file for STMicroelectronics.FP-SNS-MOTENV1.5.0.0
2025-10-21 19:17:04,886 [WARN] PackLoader:240 - Cannot read IP mode file for STMicroelectronics.X-CUBE-BLE2.3.3.0
2025-10-21 19:17:04,894 [WARN] PackLoader:240 - Cannot read IP mode file for STMicroelectronics.X-CUBE-NFC9.1.0.0
2025-10-21 19:17:04,900 [WARN] PackLoader:240 - Cannot read IP mode file for wolfSSL.I-CUBE-wolfSSL.5.8.2
2025-10-21 19:17:04,906 [WARN] PackLoader:240 - Cannot read IP mode file for STMicroelectronics.X-CUBE-BLE1.7.1.0
2025-10-21 19:17:04,910 [WARN] PackLoader:240 - Cannot read IP mode file for wolfSSL.I-CUBE-wolfMQTT.1.19.2
2025-10-21 19:17:04,916 [WARN] PackLoader:240 - Cannot read IP mode file for STMicroelectronics.X-CUBE-EEPRMA1.5.2.0
2025-10-21 19:17:04,925 [WARN] PackLoader:240 - Cannot read IP mode file for STMicroelectronics.X-CUBE-ST67W61.1.1.0
2025-10-21 19:17:04,937 [WARN] PackLoader:240 - Cannot read IP mode file for STMicroelectronics.X-CUBE-AZRTOS-G0.1.1.0
2025-10-21 19:17:04,947 [WARN] PackLoader:240 - Cannot read IP mode file for STMicroelectronics.X-CUBE-SAFEA1.1.2.2
2025-10-21 19:17:04,953 [WARN] PackLoader:240 - Cannot read IP mode file for STMicroelectronics.X-CUBE-NFC4.3.0.0
2025-10-21 19:17:04,961 [WARN] PackLoader:240 - Cannot read IP mode file for EmbeddedOffice.I-CUBE-FS-RTOS.1.0.1
2025-10-21 19:17:04,966 [WARN] PackLoader:240 - Cannot read IP mode file for STMicroelectronics.X-CUBE-WB05N.2.0.0
2025-10-21 19:17:04,970 [WARN] PackLoader:240 - Cannot read IP mode file for wolfSSL.I-CUBE-wolfTPM.3.8.0
2025-10-21 19:17:04,977 [WARN] PackLoader:240 - Cannot read IP mode file for STMicroelectronics.X-CUBE-TCPP.4.2.0
2025-10-21 19:17:04,982 [WARN] PackLoader:240 - Cannot read IP mode file for RealThread.X-CUBE-RT-Thread_Nano.4.1.1
2025-10-21 19:17:04,987 [WARN] PackLoader:240 - Cannot read IP mode file for STMicroelectronics.FP-ATR-SIGFOX1.3.2.0
2025-10-21 19:17:04,994 [WARN] PackLoader:240 - Cannot read IP mode file for ITTIA_DB.I-CUBE-ITTIADB.8.9.0
2025-10-21 19:17:04,997 [WARN] PackLoader:240 - Cannot read IP mode file for STMicroelectronics.X-CUBE-ST67W61.1.0.0
2025-10-21 19:17:05,001 [WARN] PackLoader:240 - Cannot read IP mode file for STMicroelectronics.X-CUBE-AI.10.2.0
2025-10-21 19:17:05,026 [WARN] PackLoader:240 - Cannot read IP mode file for SEGGER.I-CUBE-embOS.1.3.1
2025-10-21 19:17:05,062 [WARN] PackLoader:240 - Cannot read IP mode file for STMicroelectronics.X-CUBE-ALGOBUILD.1.4.0
2025-10-21 19:17:05,110 [WARN] PackLoader:240 - Cannot read IP mode file for STMicroelectronics.X-CUBE-MEMS1.11.3.0
2025-10-21 19:17:05,253 [WARN] PackLoader:240 - Cannot read IP mode file for STMicroelectronics.X-CUBE-PM33A1.1.0.0
2025-10-21 19:17:05,266 [WARN] PackLoader:240 - Cannot read IP mode file for STMicroelectronics.X-CUBE-AZRTOS-F4.1.1.0
2025-10-21 19:17:05,273 [WARN] PackLoader:240 - Cannot read IP mode file for Avnet-IotConnect.X-CUBE-IoTC-DA16k-PMOD.1.0.0
2025-10-21 19:17:05,277 [WARN] PackLoader:240 - Cannot read IP mode file for STMicroelectronics.X-CUBE-ISPU.2.1.0
2025-10-21 19:17:05,289 [WARN] PackLoader:240 - Cannot read IP mode file for STMicroelectronics.X-CUBE-IPS.3.2.0
2025-10-21 19:17:05,300 [WARN] PackLoader:240 - Cannot read IP mode file for STMicroelectronics.X-CUBE-NFC12.1.0.0
2025-10-21 19:17:05,312 [WARN] PackLoader:240 - Cannot read IP mode file for STMicroelectronics.X-CUBE-AZRTOS-L5.2.0.0
2025-10-21 19:17:05,326 [WARN] PackLoader:240 - Cannot read IP mode file for STMicroelectronics.X-CUBE-NFC6.3.1.0
2025-10-21 19:17:05,332 [WARN] PackLoader:240 - Cannot read IP mode file for STMicroelectronics.X-CUBE-FREERTOS.1.3.1
2025-10-21 19:17:05,336 [WARN] PackLoader:240 - Cannot read IP mode file for STMicroelectronics.X-CUBE-TOUCHGFX.4.26.0
2025-10-21 19:17:05,343 [WARN] PackLoader:240 - Cannot read IP mode file for STMicroelectronics.FP-SNS-STAIOTCFT.1.0.0
2025-10-21 19:17:05,348 [WARN] PackLoader:240 - Cannot read IP mode file for STMicroelectronics.X-CUBE-DPower.1.3.0
2025-10-21 19:17:05,359 [WARN] ConditionMgr:438 - getConditionDescription Invalid condition id : LAN8742 Phy interface Condition cause : null
2025-10-21 19:17:05,359 [WARN] PackLoader:240 - Cannot read IP mode file for STMicroelectronics.X-CUBE-AZRTOS-L4.2.0.0
2025-10-21 19:17:05,360 [WARN] ConditionMgr:1044 - genDependencies : Invalid condition id : LAN8742 Phy interface Condition cause : null
2025-10-21 19:17:05,360 [WARN] ConditionMgr:1044 - genDependencies : Invalid condition id : LAN8742 Phy interface Condition cause : null
2025-10-21 19:17:05,361 [WARN] ConditionMgr:1044 - genDependencies : Invalid condition id : LAN8742 Phy interface Condition cause : null
2025-10-21 19:17:05,367 [WARN] PackLoader:240 - Cannot read IP mode file for STMicroelectronics.X-CUBE-SFXS2LP1.4.0.0
2025-10-21 19:17:05,378 [WARN] PackLoader:240 - Cannot read IP mode file for STMicroelectronics.X-CUBE-BLEMGR.4.1.0
2025-10-21 19:17:05,392 [WARN] ConditionMgr:438 - getConditionDescription Invalid condition id : UX DEVICE CLASS RTOS Condition cause : null
2025-10-21 19:17:05,393 [WARN] ConditionMgr:438 - getConditionDescription Invalid condition id : UX DEVICE CLASS RTOS Condition cause : null
2025-10-21 19:17:05,394 [WARN] PackLoader:240 - Cannot read IP mode file for STMicroelectronics.X-CUBE-AZRTOS-WB.2.0.0
2025-10-21 19:17:05,395 [WARN] ConditionMgr:1044 - genDependencies : Invalid condition id : UX DEVICE CLASS RTOS Condition cause : null
2025-10-21 19:17:05,395 [WARN] ConditionMgr:1044 - genDependencies : Invalid condition id : UX DEVICE CLASS RTOS Condition cause : null
2025-10-21 19:17:05,395 [WARN] ConditionMgr:1044 - genDependencies : Invalid condition id : UX DEVICE CLASS RTOS Condition cause : null
2025-10-21 19:17:05,396 [WARN] ConditionMgr:1044 - genDependencies : Invalid condition id : UX DEVICE CLASS RTOS Condition cause : null
2025-10-21 19:17:05,396 [WARN] ConditionMgr:1044 - genDependencies : Invalid condition id : UX DEVICE CLASS RTOS Condition cause : null
2025-10-21 19:17:05,401 [WARN] PackLoader:240 - Cannot read IP mode file for STMicroelectronics.X-CUBE-GNSS1.7.0.1
2025-10-21 19:17:05,407 [WARN] PackLoader:240 - Cannot read IP mode file for STMicroelectronics.X-CUBE-TOUCHGFX.4.25.0
2025-10-21 19:17:05,411 [WARN] ConditionMgr:438 - getConditionDescription Invalid condition id : Cortex-A Device cause : null
2025-10-21 19:17:05,449 [WARN] ConditionMgr:1044 - genDependencies : Invalid condition id : Cortex-A Device cause : null
2025-10-21 19:17:05,449 [WARN] ConditionMgr:1044 - genDependencies : Invalid condition id : Cortex-A Device cause : null
2025-10-21 19:17:05,450 [WARN] ConditionMgr:1044 - genDependencies : Invalid condition id : Cortex-A Device cause : null
2025-10-21 19:17:05,461 [WARN] PackLoader:240 - Cannot read IP mode file for STMicroelectronics.X-CUBE-SUBG2.5.0.0
2025-10-21 19:17:05,482 [WARN] PackLoader:240 - Cannot read IP mode file for STMicroelectronics.X-CUBE-AZRTOS-H7RS.1.1.0
2025-10-21 19:17:05,493 [WARN] PackLoader:240 - Cannot read IP mode file for STMicroelectronics.X-CUBE-AZRTOS-G4.2.0.0
2025-10-21 19:17:05,498 [WARN] PackLoader:240 - Cannot read IP mode file for wolfSSL.I-CUBE-wolfSSH.1.4.20
2025-10-21 19:17:05,501 [WARN] PackLoader:240 - Cannot read IP mode file for STMicroelectronics.X-CUBE-NFC7.2.0.0
2025-10-21 19:17:05,511 [WARN] PackLoader:240 - Cannot read IP mode file for STMicroelectronics.X-CUBE-IPS.3.1.0
2025-10-21 19:17:05,519 [WARN] PackLoader:240 - Cannot read IP mode file for STMicroelectronics.X-CUBE-ALS.1.0.2
2025-10-21 19:17:05,526 [WARN] PackLoader:240 - Cannot read IP mode file for STMicroelectronics.X-CUBE-STSE01.1.0.0
2025-10-21 19:17:05,537 [WARN] PackLoader:240 - Cannot read IP mode file for STMicroelectronics.X-CUBE-TOF1.3.4.3
2025-10-21 19:17:05,544 [INFO] ThirdParty:978 - Integrity check success = true
2025-10-21 19:17:05,545 [INFO] IntegrityCheckThread:100 - exiting critical section [integrity check]
2025-10-21 19:17:05,545 [INFO] IntegrityCheckThread:103 - End integrity checks thread
